# JRE version: Java(TM) SE Runtime Environment (8.0_271-b09) (build 1.8.0_271-b09)
# Java VM: Java HotSpot(TM) 64-Bit Server VM (25.271-b09 mixed mode windows-amd64 compressed oops)
Heap:
 PSYoungGen      total 389120K, used 234922K [0x00000000e0000000, 0x0000000100000000, 0x0000000100000000)
  eden space 254976K, 90% used [0x00000000e0000000,0x00000000ee156938,0x00000000ef900000)
  from space 134144K, 3% used [0x00000000f7b00000,0x00000000f7f140b8,0x00000000ffe00000)
  to   space 133120K, 0% used [0x00000000ef900000,0x00000000ef900000,0x00000000f7b00000)
 ParOldGen       total 549376K, used 243848K [0x00000000a0000000, 0x00000000c1880000, 0x00000000e0000000)
  object space 549376K, 44% used [0x00000000a0000000,0x00000000aee22360,0x00000000c1880000)
 Metaspace       used 130739K, capacity 141864K, committed 142028K, reserved 1171456K
  class space    used 16942K, capacity 19145K, committed 19200K, reserved 1048576K
GC Heap History (10 events):
Event: 1706.680 GC heap before
{Heap before GC invocations=43 (full 5):
 PSYoungGen      total 372736K, used 302607K [0x00000000e0000000, 0x00000000ff900000, 0x0000000100000000)
  eden space 227840K, 100% used [0x00000000e0000000,0x00000000ede80000,0x00000000ede80000)
  from space 144896K, 51% used [0x00000000ede80000,0x00000000f2783c08,0x00000000f6c00000)
  to   space 141312K, 0% used [0x00000000f6f00000,0x00000000f6f00000,0x00000000ff900000)
 ParOldGen       total 549376K, used 180501K [0x00000000a0000000, 0x00000000c1880000, 0x00000000e0000000)
  object space 549376K, 32% used [0x00000000a0000000,0x00000000ab045438,0x00000000c1880000)
 Metaspace       used 130196K, capacity 141240K, committed 141516K, reserved 1171456K
  class space    used 16920K, capacity 19101K, committed 19200K, reserved 1048576K
Event: 1706.716 GC heap after
Heap after GC invocations=43 (full 5):
 PSYoungGen      total 370688K, used 53526K [0x00000000e0000000, 0x00000000ff080000, 0x0000000100000000)
  eden space 238080K, 0% used [0x00000000e0000000,0x00000000e0000000,0x00000000ee880000)
  from space 132608K, 40% used [0x00000000f6f00000,0x00000000fa345b50,0x00000000ff080000)
  to   space 135168K, 0% used [0x00000000ee880000,0x00000000ee880000,0x00000000f6c80000)
 ParOldGen       total 549376K, used 193670K [0x00000000a0000000, 0x00000000c1880000, 0x00000000e0000000)
  object space 549376K, 35% used [0x00000000a0000000,0x00000000abd21bd0,0x00000000c1880000)
 Metaspace       used 130196K, capacity 141240K, committed 141516K, reserved 1171456K
  class space    used 16920K, capacity 19101K, committed 19200K, reserved 1048576K
}
Event: 1706.980 GC heap before
{Heap before GC invocations=44 (full 5):
 PSYoungGen      total 370688K, used 291606K [0x00000000e0000000, 0x00000000ff080000, 0x0000000100000000)
  eden space 238080K, 100% used [0x00000000e0000000,0x00000000ee880000,0x00000000ee880000)
  from space 132608K, 40% used [0x00000000f6f00000,0x00000000fa345b50,0x00000000ff080000)
  to   space 135168K, 0% used [0x00000000ee880000,0x00000000ee880000,0x00000000f6c80000)
 ParOldGen       total 549376K, used 193673K [0x00000000a0000000, 0x00000000c1880000, 0x00000000e0000000)
  object space 549376K, 35% used [0x00000000a0000000,0x00000000abd22578,0x00000000c1880000)
 Metaspace       used 130231K, capacity 141262K, committed 141516K, reserved 1171456K
  class space    used 16922K, capacity 19104K, committed 19200K, reserved 1048576K
Event: 1707.033 GC heap after
Heap after GC invocations=44 (full 5):
 PSYoungGen      total 373248K, used 18577K [0x00000000e0000000, 0x0000000100000000, 0x0000000100000000)
  eden space 238080K, 0% used [0x00000000e0000000,0x00000000e0000000,0x00000000ee880000)
  from space 135168K, 13% used [0x00000000ee880000,0x00000000efaa44e8,0x00000000f6c80000)
  to   space 135168K, 0% used [0x00000000f7c00000,0x00000000f7c00000,0x0000000100000000)
 ParOldGen       total 549376K, used 227352K [0x00000000a0000000, 0x00000000c1880000, 0x00000000e0000000)
  object space 549376K, 41% used [0x00000000a0000000,0x00000000ade060c8,0x00000000c1880000)
 Metaspace       used 130231K, capacity 141262K, committed 141516K, reserved 1171456K
  class space    used 16922K, capacity 19104K, committed 19200K, reserved 1048576K
}
Event: 1707.759 GC heap before
{Heap before GC invocations=45 (full 5):
 PSYoungGen      total 373248K, used 256657K [0x00000000e0000000, 0x0000000100000000, 0x0000000100000000)
  eden space 238080K, 100% used [0x00000000e0000000,0x00000000ee880000,0x00000000ee880000)
  from space 135168K, 13% used [0x00000000ee880000,0x00000000efaa44e8,0x00000000f6c80000)
  to   space 135168K, 0% used [0x00000000f7c00000,0x00000000f7c00000,0x0000000100000000)
 ParOldGen       total 549376K, used 227352K [0x00000000a0000000, 0x00000000c1880000, 0x00000000e0000000)
  object space 549376K, 41% used [0x00000000a0000000,0x00000000ade060c8,0x00000000c1880000)
 Metaspace       used 130338K, capacity 141394K, committed 141516K, reserved 1171456K
  class space    used 16923K, capacity 19104K, committed 19200K, reserved 1048576K
Event: 1707.784 GC heap after
Heap after GC invocations=45 (full 5):
 PSYoungGen      total 389120K, used 12605K [0x00000000e0000000, 0x0000000100000000, 0x0000000100000000)
  eden space 253952K, 0% used [0x00000000e0000000,0x00000000e0000000,0x00000000ef800000)
  from space 135168K, 9% used [0x00000000f7c00000,0x00000000f884f710,0x0000000100000000)
  to   space 135168K, 0% used [0x00000000ef800000,0x00000000ef800000,0x00000000f7c00000)
 ParOldGen       total 549376K, used 232372K [0x00000000a0000000, 0x00000000c1880000, 0x00000000e0000000)
  object space 549376K, 42% used [0x00000000a0000000,0x00000000ae2ed340,0x00000000c1880000)
 Metaspace       used 130338K, capacity 141394K, committed 141516K, reserved 1171456K
  class space    used 16923K, capacity 19104K, committed 19200K, reserved 1048576K
}
Event: 1708.076 GC heap before
{Heap before GC invocations=46 (full 5):
 PSYoungGen      total 389120K, used 266557K [0x00000000e0000000, 0x0000000100000000, 0x0000000100000000)
  eden space 253952K, 100% used [0x00000000e0000000,0x00000000ef800000,0x00000000ef800000)
  from space 135168K, 9% used [0x00000000f7c00000,0x00000000f884f710,0x0000000100000000)
  to   space 135168K, 0% used [0x00000000ef800000,0x00000000ef800000,0x00000000f7c00000)
 ParOldGen       total 549376K, used 232372K [0x00000000a0000000, 0x00000000c1880000, 0x00000000e0000000)
  object space 549376K, 42% used [0x00000000a0000000,0x00000000ae2ed340,0x00000000c1880000)
 Metaspace       used 130435K, capacity 141458K, committed 141772K, reserved 1171456K
  class space    used 16924K, capacity 19104K, committed 19200K, reserved 1048576K
Event: 1708.109 GC heap after
Heap after GC invocations=46 (full 5):
 PSYoungGen      total 263680K, used 9352K [0x00000000e0000000, 0x00000000ffe00000, 0x0000000100000000)
  eden space 253952K, 0% used [0x00000000e0000000,0x00000000e0000000,0x00000000ef800000)
  from space 9728K, 96% used [0x00000000ef800000,0x00000000f0122208,0x00000000f0180000)
  to   space 134144K, 0% used [0x00000000f7b00000,0x00000000f7b00000,0x00000000ffe00000)
 ParOldGen       total 549376K, used 237885K [0x00000000a0000000, 0x00000000c1880000, 0x00000000e0000000)
  object space 549376K, 43% used [0x00000000a0000000,0x00000000ae84f4a8,0x00000000c1880000)
 Metaspace       used 130435K, capacity 141458K, committed 141772K, reserved 1171456K
  class space    used 16924K, capacity 19104K, committed 19200K, reserved 1048576K
}
Event: 1708.340 GC heap before
{Heap before GC invocations=47 (full 5):
 PSYoungGen      total 263680K, used 263304K [0x00000000e0000000, 0x00000000ffe00000, 0x0000000100000000)
  eden space 253952K, 100% used [0x00000000e0000000,0x00000000ef800000,0x00000000ef800000)
  from space 9728K, 96% used [0x00000000ef800000,0x00000000f0122208,0x00000000f0180000)
  to   space 134144K, 0% used [0x00000000f7b00000,0x00000000f7b00000,0x00000000ffe00000)
 ParOldGen       total 549376K, used 237885K [0x00000000a0000000, 0x00000000c1880000, 0x00000000e0000000)
  object space 549376K, 43% used [0x00000000a0000000,0x00000000ae84f4a8,0x00000000c1880000)
 Metaspace       used 130526K, capacity 141568K, committed 141772K, reserved 1171456K
  class space    used 16933K, capacity 19139K, committed 19200K, reserved 1048576K
Event: 1708.351 GC heap after
Heap after GC invocations=47 (full 5):
 PSYoungGen      total 389120K, used 4176K [0x00000000e0000000, 0x0000000100000000, 0x0000000100000000)
  eden space 254976K, 0% used [0x00000000e0000000,0x00000000e0000000,0x00000000ef900000)
  from space 134144K, 3% used [0x00000000f7b00000,0x00000000f7f140b8,0x00000000ffe00000)
  to   space 133120K, 0% used [0x00000000ef900000,0x00000000ef900000,0x00000000f7b00000)
 ParOldGen       total 549376K, used 243848K [0x00000000a0000000, 0x00000000c1880000, 0x00000000e0000000)
  object space 549376K, 44% used [0x00000000a0000000,0x00000000aee22360,0x00000000c1880000)
 Metaspace       used 130526K, capacity 141568K, committed 141772K, reserved 1171456K
  class space    used 16933K, capacity 19139K, committed 19200K, reserved 1048576K
}

